2019-04-14 00:28:44:[m]: Welcome to IOTP server version 2.5.11
2019-04-14 00:28:44:[m]: Starting server...
2019-04-14 00:28:45:[m]: CONF IN PROGRESS...
2019-04-14 00:28:45:[m]: 1
2019-04-14 00:28:45:[m]: 1,1
2019-04-14 00:28:45:[m]: 1,1,1
2019-04-14 00:28:45:[m]: 1,1,2
2019-04-14 00:28:45:[m]: 1,1,3
2019-04-14 00:28:45:[m]: 1,1,4
2019-04-14 00:28:45:[m]: 1,2
2019-04-14 00:28:45:[m]: 1,2,1
2019-04-14 00:28:45:[m]: 1,2,2
2019-04-14 00:28:45:[m]: 1,2,3
2019-04-14 00:28:45:[m]: 1,3
2019-04-14 00:28:45:[m]: 1,3,1
2019-04-14 00:28:45:[m]: 1,3,2
2019-04-14 00:28:45:[m]: 1,3,3
2019-04-14 00:28:45:[m]: 1,4
2019-04-14 00:28:45:[m]: 1,4,1
2019-04-14 00:28:45:[m]: 1,4,2
2019-04-14 00:28:45:[m]: 1,4,3
2019-04-14 00:28:45:[m]: 1,4,4
2019-04-14 00:28:45:[m]: 1,4,5
2019-04-14 00:28:45:[m]: 1,4,6
2019-04-14 00:28:45:[m]: 1,5
2019-04-14 00:28:45:[m]: 1,5,1
2019-04-14 00:28:45:[m]: 1,5,2
2019-04-14 00:28:45:[m]: 1,5,3
2019-04-14 00:28:45:[m]: 1,5,4
2019-04-14 00:28:45:[m]: CONF OK.
2019-04-14 00:28:45:[m]: Server IP 192.168.0.105
2019-04-14 00:28:45:[m]: Creating server...
2019-04-14 00:28:45:[m]: SERVER OK.RUNNING.
2019-04-14 00:28:45:[m]: Server is started
2019-04-14 00:28:45:[m]: Cloud Signing...
2019-04-14 00:28:45:[m]: Login OK
2019-04-14 00:28:45:[m]: Waiting for HTTP CMDs...
2019-04-14 00:29:06:[m]: ('192.168.0.105', 50647) Connection closed
2019-04-14 00:29:26:[m]: ('192.168.0.105', 50664) Connection closed
2019-04-14 00:29:46:[m]: ('192.168.0.105', 50681) Connection closed
2019-04-14 00:29:58:[m]: Closing server...
2019-04-14 00:29:58:[m]: Server is closed.
2019-04-14 00:29:58:[m]: EXIT.
2019-04-14 00:30:13:[m]: Welcome to IOTP server version 2.5.11
2019-04-14 00:30:13:[m]: Starting server...
2019-04-14 00:30:14:[m]: CONF IN PROGRESS...
2019-04-14 00:30:14:[m]: CONF OK.
2019-04-14 00:30:14:[m]: Server IP 192.168.0.105
2019-04-14 00:30:14:[m]: Creating server...
2019-04-14 00:30:14:[m]: SERVER OK.RUNNING.
2019-04-14 00:30:14:[m]: Cloud Signing...
2019-04-14 00:30:14:[m]: Server is started
2019-04-14 00:30:14:[m]: Login OK
2019-04-14 00:30:14:[m]: Waiting for HTTP CMDs...
2019-04-14 00:30:20:[m]: ('192.168.0.105', 50714) Connection closed
2019-04-14 00:30:40:[m]: ('192.168.0.105', 50718) Connection closed
2019-04-14 00:30:54:[m]: Executing HTTP CMD...
2019-04-14 00:30:54:[m]: Waiting for HTTP CMDs...
2019-04-14 00:31:00:[m]: ('192.168.0.105', 50736) Connection closed
2019-04-14 00:31:02:[m]: Executing HTTP CMD...
2019-04-14 00:31:02:[m]: SLAVE IP:<socket._socketobject object at 0x108da9980> CMD >> E00010015D
2019-04-14 00:31:02:[m]: SLAVE IP:<socket._socketobject object at 0x108da9980> RESPONSE << {"status_code": 200, "message": [{"state": 1, "type": 13, "id": 1}, {"state": 1, "type": 13, "id": 2}, {"state": 1, "type": 13, "id": 3}, {"state": 1, "type": 13, "id": 4}], "status_text": "Success or OK", "id": "21"}
2019-04-14 00:31:02:[m]: Waiting for HTTP CMDs...
2019-04-14 00:31:04:[m]: Executing HTTP CMD...
2019-04-14 00:31:04:[e]: Slave Offline >> Traceback (most recent call last):
  File "/Users/soumensardar/Google Drive/IOTP Implementation/git/IOTPServer/IOTPServerCore/IOTPServer.py", line 323, in comm_with_slave
    raise Exception('Slave Offline')
Exception: Slave Offline

Traceback (most recent call last):
  File "/Users/soumensardar/Google Drive/IOTP Implementation/git/IOTPServer/IOTPServerCore/IOTPServer.py", line 323, in comm_with_slave
    raise Exception('Slave Offline')
Exception: Slave Offline
2019-04-14 00:31:04:[m]: Waiting for HTTP CMDs...
2019-04-14 00:31:06:[m]: Executing HTTP CMD...
2019-04-14 00:31:06:[e]: Slave Offline >> Traceback (most recent call last):
  File "/Users/soumensardar/Google Drive/IOTP Implementation/git/IOTPServer/IOTPServerCore/IOTPServer.py", line 323, in comm_with_slave
    raise Exception('Slave Offline')
Exception: Slave Offline

Traceback (most recent call last):
  File "/Users/soumensardar/Google Drive/IOTP Implementation/git/IOTPServer/IOTPServerCore/IOTPServer.py", line 323, in comm_with_slave
    raise Exception('Slave Offline')
Exception: Slave Offline
2019-04-14 00:31:06:[m]: Waiting for HTTP CMDs...
2019-04-14 00:31:08:[m]: Executing HTTP CMD...
2019-04-14 00:31:08:[e]: Slave Offline >> Traceback (most recent call last):
  File "/Users/soumensardar/Google Drive/IOTP Implementation/git/IOTPServer/IOTPServerCore/IOTPServer.py", line 323, in comm_with_slave
    raise Exception('Slave Offline')
Exception: Slave Offline

Traceback (most recent call last):
  File "/Users/soumensardar/Google Drive/IOTP Implementation/git/IOTPServer/IOTPServerCore/IOTPServer.py", line 323, in comm_with_slave
    raise Exception('Slave Offline')
Exception: Slave Offline
2019-04-14 00:31:08:[m]: Waiting for HTTP CMDs...
2019-04-14 00:31:09:[m]: Executing HTTP CMD...
2019-04-14 00:31:09:[e]: Slave Offline >> Traceback (most recent call last):
  File "/Users/soumensardar/Google Drive/IOTP Implementation/git/IOTPServer/IOTPServerCore/IOTPServer.py", line 323, in comm_with_slave
    raise Exception('Slave Offline')
Exception: Slave Offline

Traceback (most recent call last):
  File "/Users/soumensardar/Google Drive/IOTP Implementation/git/IOTPServer/IOTPServerCore/IOTPServer.py", line 323, in comm_with_slave
    raise Exception('Slave Offline')
Exception: Slave Offline
2019-04-14 00:31:10:[m]: Waiting for HTTP CMDs...
2019-04-14 00:31:16:[m]: Executing HTTP CMD...
2019-04-14 00:31:16:[m]: SLAVE IP:<socket._socketobject object at 0x108da9980> CMD >> E00060015D
2019-04-14 00:31:16:[m]: SLAVE IP:<socket._socketobject object at 0x108da9980> RESPONSE << {"status_code": 200, "message": [{"state": 1, "type": 13, "id": 1}, {"state": 1, "type": 13, "id": 2}, {"state": 1, "type": 13, "id": 3}, {"state": 1, "type": 13, "id": 4}], "status_text": "Success or OK", "id": "21"}
2019-04-14 00:31:17:[m]: Waiting for HTTP CMDs...
2019-04-14 00:31:20:[m]: ('192.168.0.105', 50759) Connection closed
2019-04-14 00:31:22:[m]: Executing HTTP CMD...
2019-04-14 00:31:22:[m]: SLAVE IP:<socket._socketobject object at 0x108f96280> CMD >> C000700151D30000
2019-04-14 00:31:22:[m]: SLAVE IP:<socket._socketobject object at 0x108f96280> RESPONSE << {"status_code": 200, "message": "", "status_text": "Success or OK", "id": "21"}
2019-04-14 00:31:22:[m]: Waiting for HTTP CMDs...
2019-04-14 00:31:27:[m]: Executing HTTP CMD...
2019-04-14 00:31:27:[m]: SLAVE IP:<socket._socketobject object at 0x108f96280> CMD >> C000800151D10000
2019-04-14 00:31:28:[m]: SLAVE IP:<socket._socketobject object at 0x108f96280> RESPONSE << {"status_code": 200, "message": "", "status_text": "Success or OK", "id": "21"}
2019-04-14 00:31:28:[m]: Waiting for HTTP CMDs...
2019-04-14 00:31:32:[m]: Executing HTTP CMD...
2019-04-14 00:31:32:[m]: SLAVE IP:<socket._socketobject object at 0x108f96280> CMD >> C000900151D20000
2019-04-14 00:31:32:[m]: SLAVE IP:<socket._socketobject object at 0x108f96280> RESPONSE << {"status_code": 200, "message": "", "status_text": "Success or OK", "id": "21"}
2019-04-14 00:31:32:[m]: Waiting for HTTP CMDs...
2019-04-14 00:31:36:[m]: Executing HTTP CMD...
2019-04-14 00:31:36:[m]: SLAVE IP:<socket._socketobject object at 0x108f96280> CMD >> C000A00151D40000
2019-04-14 00:31:36:[m]: SLAVE IP:<socket._socketobject object at 0x108f96280> RESPONSE << {"status_code": 200, "message": "", "status_text": "Success or OK", "id": "21"}
2019-04-14 00:31:37:[m]: Waiting for HTTP CMDs...
2019-04-14 00:31:40:[m]: ('192.168.0.105', 50790) Connection closed
2019-04-14 00:31:41:[m]: Executing HTTP CMD...
2019-04-14 00:31:41:[m]: SLAVE IP:<socket._socketobject object at 0x108da9980> CMD >> E000B0015D
2019-04-14 00:31:41:[m]: SLAVE IP:<socket._socketobject object at 0x108da9980> RESPONSE << {"status_code": 200, "message": [{"state": 0, "type": 13, "id": 1}, {"state": 0, "type": 13, "id": 2}, {"state": 0, "type": 13, "id": 3}, {"state": 0, "type": 13, "id": 4}], "status_text": "Success or OK", "id": "21"}
2019-04-14 00:31:41:[m]: Waiting for HTTP CMDs...
2019-04-14 00:31:43:[m]: Executing HTTP CMD...
2019-04-14 00:31:43:[e]: Slave Offline >> Traceback (most recent call last):
  File "/Users/soumensardar/Google Drive/IOTP Implementation/git/IOTPServer/IOTPServerCore/IOTPServer.py", line 323, in comm_with_slave
    raise Exception('Slave Offline')
Exception: Slave Offline

Traceback (most recent call last):
  File "/Users/soumensardar/Google Drive/IOTP Implementation/git/IOTPServer/IOTPServerCore/IOTPServer.py", line 323, in comm_with_slave
    raise Exception('Slave Offline')
Exception: Slave Offline
2019-04-14 00:31:43:[m]: Waiting for HTTP CMDs...
2019-04-14 00:31:44:[m]: Executing HTTP CMD...
2019-04-14 00:31:44:[e]: Slave Offline >> Traceback (most recent call last):
  File "/Users/soumensardar/Google Drive/IOTP Implementation/git/IOTPServer/IOTPServerCore/IOTPServer.py", line 323, in comm_with_slave
    raise Exception('Slave Offline')
Exception: Slave Offline

Traceback (most recent call last):
  File "/Users/soumensardar/Google Drive/IOTP Implementation/git/IOTPServer/IOTPServerCore/IOTPServer.py", line 323, in comm_with_slave
    raise Exception('Slave Offline')
Exception: Slave Offline
2019-04-14 00:31:45:[m]: Waiting for HTTP CMDs...
2019-04-14 00:31:46:[m]: Executing HTTP CMD...
2019-04-14 00:31:46:[e]: Slave Offline >> Traceback (most recent call last):
  File "/Users/soumensardar/Google Drive/IOTP Implementation/git/IOTPServer/IOTPServerCore/IOTPServer.py", line 323, in comm_with_slave
    raise Exception('Slave Offline')
Exception: Slave Offline

Traceback (most recent call last):
  File "/Users/soumensardar/Google Drive/IOTP Implementation/git/IOTPServer/IOTPServerCore/IOTPServer.py", line 323, in comm_with_slave
    raise Exception('Slave Offline')
Exception: Slave Offline
2019-04-14 00:31:47:[m]: Waiting for HTTP CMDs...
2019-04-14 00:31:48:[m]: Executing HTTP CMD...
2019-04-14 00:31:48:[e]: Slave Offline >> Traceback (most recent call last):
  File "/Users/soumensardar/Google Drive/IOTP Implementation/git/IOTPServer/IOTPServerCore/IOTPServer.py", line 323, in comm_with_slave
    raise Exception('Slave Offline')
Exception: Slave Offline

Traceback (most recent call last):
  File "/Users/soumensardar/Google Drive/IOTP Implementation/git/IOTPServer/IOTPServerCore/IOTPServer.py", line 323, in comm_with_slave
    raise Exception('Slave Offline')
Exception: Slave Offline
2019-04-14 00:31:48:[m]: Waiting for HTTP CMDs...
2019-04-14 00:31:55:[m]: Executing HTTP CMD...
2019-04-14 00:31:55:[e]: Slave Offline >> Traceback (most recent call last):
  File "/Users/soumensardar/Google Drive/IOTP Implementation/git/IOTPServer/IOTPServerCore/IOTPServer.py", line 323, in comm_with_slave
    raise Exception('Slave Offline')
Exception: Slave Offline

Traceback (most recent call last):
  File "/Users/soumensardar/Google Drive/IOTP Implementation/git/IOTPServer/IOTPServerCore/IOTPServer.py", line 323, in comm_with_slave
    raise Exception('Slave Offline')
Exception: Slave Offline
2019-04-14 00:31:55:[m]: Waiting for HTTP CMDs...
2019-04-14 00:32:00:[m]: ('192.168.0.105', 50817) Connection closed
2019-04-14 00:32:01:[m]: Executing HTTP CMD...
2019-04-14 00:32:01:[m]: SLAVE IP:<socket._socketobject object at 0x108f96280> CMD >> E00110015D
2019-04-14 00:32:01:[m]: SLAVE IP:<socket._socketobject object at 0x108f96280> RESPONSE << {"status_code": 200, "message": [{"state": 0, "type": 13, "id": 1}, {"state": 0, "type": 13, "id": 2}, {"state": 0, "type": 13, "id": 3}, {"state": 0, "type": 13, "id": 4}], "status_text": "Success or OK", "id": "21"}
2019-04-14 00:32:01:[m]: Waiting for HTTP CMDs...
2019-04-14 00:32:03:[m]: Executing HTTP CMD...
2019-04-14 00:32:03:[e]: Slave Offline >> Traceback (most recent call last):
  File "/Users/soumensardar/Google Drive/IOTP Implementation/git/IOTPServer/IOTPServerCore/IOTPServer.py", line 323, in comm_with_slave
    raise Exception('Slave Offline')
Exception: Slave Offline

Traceback (most recent call last):
  File "/Users/soumensardar/Google Drive/IOTP Implementation/git/IOTPServer/IOTPServerCore/IOTPServer.py", line 323, in comm_with_slave
    raise Exception('Slave Offline')
Exception: Slave Offline
2019-04-14 00:32:03:[m]: Waiting for HTTP CMDs...
2019-04-14 00:32:05:[m]: Executing HTTP CMD...
2019-04-14 00:32:05:[e]: Slave Offline >> Traceback (most recent call last):
  File "/Users/soumensardar/Google Drive/IOTP Implementation/git/IOTPServer/IOTPServerCore/IOTPServer.py", line 323, in comm_with_slave
    raise Exception('Slave Offline')
Exception: Slave Offline

Traceback (most recent call last):
  File "/Users/soumensardar/Google Drive/IOTP Implementation/git/IOTPServer/IOTPServerCore/IOTPServer.py", line 323, in comm_with_slave
    raise Exception('Slave Offline')
Exception: Slave Offline
2019-04-14 00:32:05:[m]: Waiting for HTTP CMDs...
2019-04-14 00:32:07:[m]: Executing HTTP CMD...
2019-04-14 00:32:07:[e]: Slave Offline >> Traceback (most recent call last):
  File "/Users/soumensardar/Google Drive/IOTP Implementation/git/IOTPServer/IOTPServerCore/IOTPServer.py", line 323, in comm_with_slave
    raise Exception('Slave Offline')
Exception: Slave Offline

Traceback (most recent call last):
  File "/Users/soumensardar/Google Drive/IOTP Implementation/git/IOTPServer/IOTPServerCore/IOTPServer.py", line 323, in comm_with_slave
    raise Exception('Slave Offline')
Exception: Slave Offline
2019-04-14 00:32:07:[m]: Waiting for HTTP CMDs...
2019-04-14 00:32:09:[m]: Executing HTTP CMD...
2019-04-14 00:32:09:[e]: Slave Offline >> Traceback (most recent call last):
  File "/Users/soumensardar/Google Drive/IOTP Implementation/git/IOTPServer/IOTPServerCore/IOTPServer.py", line 323, in comm_with_slave
    raise Exception('Slave Offline')
Exception: Slave Offline

Traceback (most recent call last):
  File "/Users/soumensardar/Google Drive/IOTP Implementation/git/IOTPServer/IOTPServerCore/IOTPServer.py", line 323, in comm_with_slave
    raise Exception('Slave Offline')
Exception: Slave Offline
2019-04-14 00:32:09:[m]: Waiting for HTTP CMDs...
2019-04-14 00:32:20:[m]: ('192.168.0.105', 50844) Connection closed
2019-04-14 00:32:40:[m]: ('192.168.0.105', 50869) Connection closed
2019-04-14 00:33:00:[m]: ('192.168.0.105', 50889) Connection closed
2019-04-14 00:33:20:[m]: ('192.168.0.105', 50918) Connection closed
2019-04-14 00:33:40:[m]: ('192.168.0.105', 50941) Connection closed
2019-04-14 00:34:00:[m]: ('192.168.0.105', 50959) Connection closed
2019-04-14 00:34:07:[m]: Executing HTTP CMD...
2019-04-14 00:34:07:[m]: SLAVE IP:<socket._socketobject object at 0x108da9980> CMD >> E00160015D
2019-04-14 00:34:07:[m]: SLAVE IP:<socket._socketobject object at 0x108da9980> RESPONSE << {"status_code": 200, "message": [{"state": 0, "type": 13, "id": 1}, {"state": 0, "type": 13, "id": 2}, {"state": 0, "type": 13, "id": 3}, {"state": 0, "type": 13, "id": 4}], "status_text": "Success or OK", "id": "21"}
2019-04-14 00:34:08:[m]: Waiting for HTTP CMDs...
2019-04-14 00:34:09:[m]: Executing HTTP CMD...
2019-04-14 00:34:09:[e]: Slave Offline >> Traceback (most recent call last):
  File "/Users/soumensardar/Google Drive/IOTP Implementation/git/IOTPServer/IOTPServerCore/IOTPServer.py", line 323, in comm_with_slave
    raise Exception('Slave Offline')
Exception: Slave Offline

Traceback (most recent call last):
  File "/Users/soumensardar/Google Drive/IOTP Implementation/git/IOTPServer/IOTPServerCore/IOTPServer.py", line 323, in comm_with_slave
    raise Exception('Slave Offline')
Exception: Slave Offline
2019-04-14 00:34:09:[m]: Waiting for HTTP CMDs...
2019-04-14 00:34:11:[m]: Executing HTTP CMD...
2019-04-14 00:34:11:[e]: Slave Offline >> Traceback (most recent call last):
  File "/Users/soumensardar/Google Drive/IOTP Implementation/git/IOTPServer/IOTPServerCore/IOTPServer.py", line 323, in comm_with_slave
    raise Exception('Slave Offline')
Exception: Slave Offline

Traceback (most recent call last):
  File "/Users/soumensardar/Google Drive/IOTP Implementation/git/IOTPServer/IOTPServerCore/IOTPServer.py", line 323, in comm_with_slave
    raise Exception('Slave Offline')
Exception: Slave Offline
2019-04-14 00:34:11:[m]: Waiting for HTTP CMDs...
2019-04-14 00:34:13:[m]: Executing HTTP CMD...
2019-04-14 00:34:13:[e]: Slave Offline >> Traceback (most recent call last):
  File "/Users/soumensardar/Google Drive/IOTP Implementation/git/IOTPServer/IOTPServerCore/IOTPServer.py", line 323, in comm_with_slave
    raise Exception('Slave Offline')
Exception: Slave Offline

Traceback (most recent call last):
  File "/Users/soumensardar/Google Drive/IOTP Implementation/git/IOTPServer/IOTPServerCore/IOTPServer.py", line 323, in comm_with_slave
    raise Exception('Slave Offline')
Exception: Slave Offline
2019-04-14 00:34:13:[m]: Waiting for HTTP CMDs...
2019-04-14 00:34:15:[m]: Executing HTTP CMD...
2019-04-14 00:34:15:[e]: Slave Offline >> Traceback (most recent call last):
  File "/Users/soumensardar/Google Drive/IOTP Implementation/git/IOTPServer/IOTPServerCore/IOTPServer.py", line 323, in comm_with_slave
    raise Exception('Slave Offline')
Exception: Slave Offline

Traceback (most recent call last):
  File "/Users/soumensardar/Google Drive/IOTP Implementation/git/IOTPServer/IOTPServerCore/IOTPServer.py", line 323, in comm_with_slave
    raise Exception('Slave Offline')
Exception: Slave Offline
2019-04-14 00:34:15:[m]: Waiting for HTTP CMDs...
2019-04-14 00:34:20:[m]: ('192.168.0.105', 50978) Connection closed
2019-04-14 00:34:40:[m]: ('192.168.0.105', 51004) Connection closed
2019-04-14 00:35:00:[m]: ('192.168.0.105', 51020) Connection closed
2019-04-14 00:35:20:[m]: ('192.168.0.105', 51038) Connection closed
2019-04-14 00:35:40:[m]: ('192.168.0.105', 51057) Connection closed
2019-04-14 00:36:00:[m]: ('192.168.0.105', 51074) Connection closed
2019-04-14 00:36:20:[m]: ('192.168.0.105', 51090) Connection closed
2019-04-14 00:36:40:[m]: ('192.168.0.105', 51107) Connection closed
2019-04-14 00:37:00:[m]: ('192.168.0.105', 51126) Connection closed
2019-04-14 00:37:20:[m]: ('192.168.0.105', 51143) Connection closed
2019-04-14 00:37:40:[m]: ('192.168.0.105', 51160) Connection closed
2019-04-14 00:38:00:[m]: ('192.168.0.105', 51177) Connection closed
2019-04-14 00:38:20:[m]: ('192.168.0.105', 51199) Connection closed
2019-04-14 00:38:40:[m]: ('192.168.0.105', 51216) Connection closed
2019-04-14 00:39:00:[m]: ('192.168.0.105', 51233) Connection closed
2019-04-14 00:39:20:[m]: ('192.168.0.105', 51250) Connection closed
2019-04-14 00:39:40:[m]: ('192.168.0.105', 51267) Connection closed
2019-04-14 00:40:00:[m]: ('192.168.0.105', 51284) Connection closed
2019-04-14 00:40:12:[m]: Closing server...
2019-04-14 00:40:12:[m]: Server is closed.
2019-04-14 00:40:12:[m]: EXIT.
