2019-04-02 22:53:00:[m]: Welcome to IOTP server version 2.4.11
2019-04-02 22:53:00:[m]: Starting server...
2019-04-02 22:53:36:[m]: Welcome to IOTP server version 2.4.11
2019-04-02 22:53:36:[m]: Starting server...
2019-04-02 22:53:37:[m]: CONF IN PROGRESS...
2019-04-02 22:53:37:[m]: Opening configuration JSON @ /Users/soumensardar/Google Drive/IOTP Implementation/git/IOTPServer/iotp.json
2019-04-02 22:53:37:[m]: Try starting...
2019-04-02 22:53:37:[m]: CONF OK.
2019-04-02 22:53:37:[m]: Creating server...
2019-04-02 22:53:37:[m]: SERVER OK.RUNNING.
2019-04-02 22:53:37:[m]: Server is started
2019-04-02 22:54:15:[m]: Closing server...
2019-04-02 22:54:35:[m]: Welcome to IOTP server version 2.4.11
2019-04-02 22:54:35:[m]: Starting server...
2019-04-02 22:54:36:[m]: CONF IN PROGRESS...
2019-04-02 22:54:36:[m]: Opening configuration JSON @ /Users/soumensardar/Google Drive/IOTP Implementation/git/IOTPServer/iotp.json
2019-04-02 22:54:36:[m]: Try starting...
2019-04-02 22:54:36:[m]: CONF OK.
2019-04-02 22:54:36:[m]: Creating server...
2019-04-02 22:54:36:[m]: SERVER OK.RUNNING.
2019-04-02 22:54:36:[m]: Server is started
2019-04-02 22:55:33:[m]: Closing server...
2019-04-02 22:55:35:[m]: Welcome to IOTP server version 2.4.11
2019-04-02 22:55:35:[m]: Starting server...
2019-04-02 22:55:36:[m]: CONF IN PROGRESS...
2019-04-02 22:55:36:[m]: Opening configuration JSON @ /Users/soumensardar/Google Drive/IOTP Implementation/git/IOTPServer/iotp.json
2019-04-02 22:55:36:[m]: Try starting...
2019-04-02 22:55:36:[m]: CONF OK.
2019-04-02 22:55:36:[m]: Creating server...
2019-04-02 22:55:36:[m]: SERVER OK.RUNNING.
2019-04-02 22:55:36:[m]: Server is started
2019-04-02 22:57:05:[m]: Closing server...
2019-04-02 22:57:21:[m]: Welcome to IOTP server version 2.4.11
2019-04-02 22:57:21:[m]: Starting server...
2019-04-02 22:57:22:[m]: CONF IN PROGRESS...
2019-04-02 22:57:22:[m]: Opening configuration JSON @ /Users/soumensardar/Google Drive/IOTP Implementation/git/IOTPServer/iotp.json
2019-04-02 22:57:22:[m]: Try starting...
2019-04-02 22:57:22:[m]: CONF OK.
2019-04-02 22:57:22:[m]: Creating server...
2019-04-02 22:57:22:[m]: SERVER OK.RUNNING.
2019-04-02 22:57:22:[m]: Server is started
2019-04-02 23:01:48:[m]: Closing server...
2019-04-02 23:01:52:[m]: Welcome to IOTP server version 2.4.11
2019-04-02 23:01:52:[m]: Starting server...
2019-04-02 23:01:53:[m]: CONF IN PROGRESS...
2019-04-02 23:01:53:[m]: Opening configuration JSON @ /Users/soumensardar/Google Drive/IOTP Implementation/git/IOTPServer/iotp.json
2019-04-02 23:01:53:[m]: Try starting...
2019-04-02 23:01:53:[m]: CONF OK.
2019-04-02 23:01:53:[m]: Creating server...
2019-04-02 23:01:53:[m]: SERVER OK.RUNNING.
2019-04-02 23:01:53:[m]: Server is started
2019-04-02 23:28:56:[m]: Closing server...
2019-04-03 18:37:40:[m]: Welcome to IOTP server version 2.4.11
2019-04-03 18:37:40:[m]: Starting server...
2019-04-03 18:37:41:[m]: CONF IN PROGRESS...
2019-04-03 18:37:41:[m]: Opening configuration JSON @ C:\Users\MBCS\Downloads\IOTPServer/iotp.json
2019-04-03 18:37:41:[m]: Try starting...
2019-04-03 18:37:41:[m]: CONF OK.
2019-04-03 18:37:41:[m]: Creating server...
2019-04-03 18:37:41:[m]: SERVER OK.RUNNING.
2019-04-03 18:37:41:[m]: Server is started
2019-04-03 18:39:44:[m]: Welcome to IOTP server version 2.4.11
2019-04-03 18:39:45:[m]: Starting server...
2019-04-03 18:40:05:[m]: CONF IN PROGRESS...
2019-04-03 18:40:05:[m]: Opening configuration JSON @ C:\Users\MBCS\Downloads\IOTPServer/iotp.json
2019-04-03 18:40:05:[m]: Try starting...
2019-04-03 18:40:05:[m]: CONF OK.
2019-04-03 18:40:05:[m]: Creating server...
2019-04-03 18:40:05:[m]: SERVER OK.RUNNING.
2019-04-03 18:40:05:[m]: Server is started
2019-04-03 18:40:39:[m]: Welcome to IOTP server version 2.4.11
2019-04-03 18:40:39:[m]: Starting server...
2019-04-03 18:40:40:[m]: CONF IN PROGRESS...
2019-04-03 18:40:40:[m]: Opening configuration JSON @ C:\Users\MBCS\Downloads\IOTPServer/iotp.json
2019-04-03 18:40:40:[m]: Try starting...
2019-04-03 18:40:40:[m]: CONF OK.
2019-04-03 18:40:40:[m]: Creating server...
2019-04-03 18:40:40:[m]: SERVER OK.RUNNING.
2019-04-03 18:40:40:[m]: Server is started
2019-04-03 18:42:04:[m]: Welcome to IOTP server version 2.4.11
2019-04-03 18:42:04:[m]: Starting server...
2019-04-03 18:42:05:[m]: CONF IN PROGRESS...
2019-04-03 18:42:05:[m]: Opening configuration JSON @ C:\Users\MBCS\Downloads\IOTPServer/iotp.json
2019-04-03 18:42:05:[m]: Try starting...
2019-04-03 18:42:05:[m]: CONF OK.
2019-04-03 18:42:05:[m]: Creating server...
2019-04-03 18:42:05:[m]: SERVER OK.RUNNING.
2019-04-03 18:42:05:[m]: Server is started
2019-04-03 18:45:31:[m]: Welcome to IOTP server version 2.4.11
2019-04-03 18:45:31:[m]: Starting server...
2019-04-03 18:45:32:[m]: CONF IN PROGRESS...
2019-04-03 18:45:32:[m]: Opening configuration JSON @ C:\Users\MBCS\Downloads\IOTPServer/iotp.json
2019-04-03 18:45:32:[m]: Try starting...
2019-04-03 18:45:32:[m]: CONF OK.
2019-04-03 18:45:32:[m]: Creating server...
2019-04-03 18:45:32:[m]: SERVER OK.RUNNING.
2019-04-03 18:45:32:[m]: Server is started
2019-04-03 18:56:58:[m]: Welcome to IOTP server version 2.4.11
2019-04-03 18:56:58:[m]: Starting server...
2019-04-03 18:56:59:[m]: CONF IN PROGRESS...
2019-04-03 18:56:59:[m]: Opening configuration JSON @ C:\Users\MBCS\Downloads\IOTPServer/iotp.json
2019-04-03 18:56:59:[m]: Try starting...
2019-04-03 18:56:59:[m]: CONF OK.
2019-04-03 18:56:59:[m]: Creating server...
2019-04-03 18:56:59:[m]: SERVER OK.RUNNING.
2019-04-03 18:57:00:[m]: Server is started
2019-04-03 18:58:00:[m]: Welcome to IOTP server version 2.4.11
2019-04-03 18:58:00:[m]: Starting server...
2019-04-03 18:58:01:[m]: CONF IN PROGRESS...
2019-04-03 18:58:01:[m]: Opening configuration JSON @ C:\Users\MBCS\Downloads\IOTPServer/iotp.json
2019-04-03 18:58:01:[m]: Try starting...
2019-04-03 18:58:01:[m]: CONF OK.
2019-04-03 18:58:01:[m]: Creating server...
2019-04-03 18:58:01:[m]: SERVER OK.RUNNING.
2019-04-03 18:58:01:[m]: Server is started
2019-04-03 18:58:53:[m]: Welcome to IOTP server version 2.4.11
2019-04-03 18:58:53:[m]: Starting server...
2019-04-03 18:58:54:[m]: CONF IN PROGRESS...
2019-04-03 18:58:54:[m]: Opening configuration JSON @ C:\Users\MBCS\Downloads\IOTPServer/iotp.json
2019-04-03 18:58:54:[m]: Try starting...
2019-04-03 18:58:54:[m]: CONF OK.
2019-04-03 18:58:54:[m]: Creating server...
2019-04-03 18:58:54:[m]: SERVER OK.RUNNING.
2019-04-03 18:58:54:[m]: Server is started
2019-04-03 19:00:39:[m]: Welcome to IOTP server version 2.4.11
2019-04-03 19:00:39:[m]: Starting server...
2019-04-03 19:00:40:[m]: CONF IN PROGRESS...
2019-04-03 19:00:40:[m]: Opening configuration JSON @ C:\Users\MBCS\Downloads\IOTPServer/iotp.json
2019-04-03 19:00:40:[m]: Try starting...
2019-04-03 19:00:40:[m]: CONF OK.
2019-04-03 19:00:40:[m]: Creating server...
2019-04-03 19:00:40:[m]: SERVER OK.RUNNING.
2019-04-03 19:00:40:[m]: Server is started
2019-04-03 19:01:41:[m]: Welcome to IOTP server version 2.4.11
2019-04-03 19:01:41:[m]: Starting server...
2019-04-03 19:01:42:[m]: CONF IN PROGRESS...
2019-04-03 19:01:42:[m]: Opening configuration JSON @ C:\Users\MBCS\Downloads\IOTPServer/iotp.json
2019-04-03 19:01:42:[m]: Try starting...
2019-04-03 19:01:42:[m]: CONF OK.
2019-04-03 19:01:42:[m]: Creating server...
2019-04-03 19:01:42:[m]: SERVER OK.RUNNING.
2019-04-03 19:01:42:[m]: Server is started
2019-04-03 19:03:15:[m]: Welcome to IOTP server version 2.4.11
2019-04-03 19:03:15:[m]: Starting server...
2019-04-03 19:03:16:[m]: CONF IN PROGRESS...
2019-04-03 19:03:16:[m]: Opening configuration JSON @ C:\Users\MBCS\Downloads\IOTPServer/iotp.json
2019-04-03 19:03:16:[m]: Try starting...
2019-04-03 19:03:16:[m]: CONF OK.
2019-04-03 19:03:16:[m]: Creating server...
2019-04-03 19:03:16:[m]: SERVER OK.RUNNING.
2019-04-03 19:03:16:[m]: Server is started
2019-04-03 19:04:34:[m]: Welcome to IOTP server version 2.4.11
2019-04-03 19:04:34:[m]: Starting server...
2019-04-03 19:04:35:[m]: CONF IN PROGRESS...
2019-04-03 19:04:35:[m]: Opening configuration JSON @ C:\Users\MBCS\Downloads\IOTPServer/iotp.json
2019-04-03 19:04:35:[m]: Try starting...
2019-04-03 19:04:35:[m]: CONF OK.
2019-04-03 19:04:35:[m]: Creating server...
2019-04-03 19:04:35:[m]: SERVER OK.RUNNING.
2019-04-03 19:04:35:[m]: Server is started
2019-04-03 19:06:14:[m]: Welcome to IOTP server version 2.4.11
2019-04-03 19:06:14:[m]: Starting server...
2019-04-03 19:06:15:[m]: CONF IN PROGRESS...
2019-04-03 19:06:15:[m]: Opening configuration JSON @ C:\Users\MBCS\Downloads\IOTPServer/iotp.json
2019-04-03 19:06:15:[m]: Try starting...
2019-04-03 19:06:15:[m]: CONF OK.
2019-04-03 19:06:15:[m]: Creating server...
2019-04-03 19:06:15:[m]: SERVER OK.RUNNING.
2019-04-03 19:06:15:[m]: Server is started
2019-04-03 19:07:08:[m]: Welcome to IOTP server version 2.4.11
2019-04-03 19:07:08:[m]: Starting server...
2019-04-03 19:07:09:[m]: CONF IN PROGRESS...
2019-04-03 19:07:09:[m]: Opening configuration JSON @ C:\Users\MBCS\Downloads\IOTPServer/iotp.json
2019-04-03 19:07:09:[m]: Try starting...
2019-04-03 19:07:09:[m]: CONF OK.
2019-04-03 19:07:09:[m]: Creating server...
2019-04-03 19:07:09:[m]: SERVER OK.RUNNING.
2019-04-03 19:07:09:[m]: Server is started
2019-04-03 22:18:51:[m]: Welcome to IOTP server version 2.4.11
2019-04-03 22:18:51:[m]: Starting server...
2019-04-03 22:18:52:[m]: CONF IN PROGRESS...
2019-04-03 22:18:52:[m]: Opening configuration JSON @ /Users/soumensardar/Google Drive/IOTP Implementation/git/IOTPServer/iotp.json
2019-04-03 22:18:52:[m]: Try starting...
2019-04-03 22:18:52:[m]: CONF OK.
2019-04-03 22:18:52:[m]: Creating server...
2019-04-03 22:18:52:[m]: SERVER OK.RUNNING.
2019-04-03 22:18:52:[m]: Server is started
2019-04-03 22:57:20:[m]: Closing server...
2019-04-03 22:59:24:[m]: Welcome to IOTP server version 2.4.11
2019-04-03 22:59:24:[m]: Starting server...
2019-04-03 22:59:25:[m]: CONF IN PROGRESS...
2019-04-03 22:59:25:[m]: Opening configuration JSON @ /Users/soumensardar/Google Drive/IOTP Implementation/git/IOTPServer/iotp.json
2019-04-03 22:59:25:[m]: Try starting...
2019-04-03 22:59:25:[m]: CONF OK.
2019-04-03 22:59:25:[m]: Creating server...
2019-04-03 22:59:25:[m]: SERVER OK.RUNNING.
2019-04-03 22:59:25:[m]: Server is started
2019-04-03 22:59:40:[m]: Closing server...
2019-04-11 22:42:54:[m]: Welcome to IOTP server version 2.4.11
2019-04-11 22:42:54:[m]: Starting server...
2019-04-11 22:42:55:[m]: CONF IN PROGRESS...
2019-04-11 22:42:55:[m]: Opening configuration JSON @ /Users/soumensardar/Google Drive/IOTP Implementation/git/IOTPServer/iotp.json
2019-04-11 22:42:55:[m]: Try starting...
2019-04-11 22:42:55:[m]: CONF OK.
2019-04-11 22:42:55:[m]: Creating server...
2019-04-11 22:42:55:[m]: SERVER OK.RUNNING.
2019-04-11 22:42:55:[m]: Server is started
2019-04-11 22:47:23:[m]: Closing server...
2019-04-11 22:57:16:[m]: Welcome to IOTP server version 2.4.11
2019-04-11 22:57:16:[m]: Starting server...
2019-04-11 22:57:17:[m]: CONF IN PROGRESS...
2019-04-11 22:57:17:[m]: Opening configuration JSON @ /Users/soumensardar/Google Drive/IOTP Implementation/git/IOTPServer/iotp.json
2019-04-11 22:57:18:[m]: Try starting...
2019-04-11 22:57:18:[m]: CONF OK.
2019-04-11 22:57:18:[m]: Creating server...
2019-04-11 22:57:18:[m]: SERVER OK.RUNNING.
2019-04-11 22:57:18:[m]: Server is started
2019-04-11 22:58:24:[m]: Closing server...
2019-04-11 23:10:19:[m]: Welcome to IOTP server version 2.4.11
2019-04-11 23:10:19:[m]: Starting server...
2019-04-11 23:10:20:[m]: CONF IN PROGRESS...
2019-04-11 23:10:20:[m]: Opening configuration JSON @ /Users/soumensardar/Google Drive/IOTP Implementation/git/IOTPServer/iotp.json
2019-04-11 23:10:20:[m]: Try starting...
2019-04-11 23:10:20:[m]: CONF OK.
2019-04-11 23:10:20:[m]: Creating server...
2019-04-11 23:10:20:[m]: SERVER OK.RUNNING.
2019-04-11 23:10:20:[m]: Server is started
2019-04-11 23:10:57:[m]: Closing server...
2019-04-11 23:12:43:[m]: Welcome to IOTP server version 2.4.11
2019-04-11 23:12:43:[m]: Starting server...
2019-04-11 23:12:44:[m]: CONF IN PROGRESS...
2019-04-11 23:12:44:[m]: Opening configuration JSON @ /Users/soumensardar/Google Drive/IOTP Implementation/git/IOTPServer/iotp.json
2019-04-11 23:12:44:[m]: Try starting...
2019-04-11 23:12:44:[m]: CONF OK.
2019-04-11 23:12:44:[m]: Creating server...
2019-04-11 23:12:44:[m]: SERVER OK.RUNNING.
2019-04-11 23:12:44:[m]: Server is started
2019-04-11 23:13:26:[m]: Closing server...
2019-04-11 23:13:30:[m]: Welcome to IOTP server version 2.4.11
2019-04-11 23:13:30:[m]: Starting server...
2019-04-11 23:13:31:[m]: CONF IN PROGRESS...
2019-04-11 23:13:31:[m]: Opening configuration JSON @ /Users/soumensardar/Google Drive/IOTP Implementation/git/IOTPServer/iotp.json
2019-04-11 23:13:31:[m]: Try starting...
2019-04-11 23:13:31:[m]: CONF OK.
2019-04-11 23:13:31:[m]: Creating server...
2019-04-11 23:13:31:[m]: SERVER OK.RUNNING.
2019-04-11 23:13:31:[m]: Server is started
2019-04-11 23:23:02:[m]: Closing server...
2019-04-11 23:23:06:[m]: Welcome to IOTP server version 2.4.11
2019-04-11 23:23:06:[m]: Starting server...
2019-04-11 23:23:07:[m]: CONF IN PROGRESS...
2019-04-11 23:23:07:[m]: Opening configuration JSON @ /Users/soumensardar/Google Drive/IOTP Implementation/git/IOTPServer/iotp.json
2019-04-11 23:23:07:[m]: Try starting...
2019-04-11 23:23:07:[m]: CONF OK.
2019-04-11 23:23:07:[m]: Creating server...
2019-04-11 23:23:07:[m]: SERVER OK.RUNNING.
2019-04-11 23:23:07:[m]: Server is started
2019-04-11 23:23:40:[m]: Closing server...
2019-04-11 23:23:44:[m]: Welcome to IOTP server version 2.4.11
2019-04-11 23:23:44:[m]: Starting server...
2019-04-11 23:23:45:[m]: CONF IN PROGRESS...
2019-04-11 23:23:45:[m]: Opening configuration JSON @ /Users/soumensardar/Google Drive/IOTP Implementation/git/IOTPServer/iotp.json
2019-04-11 23:23:45:[m]: Try starting...
2019-04-11 23:23:45:[m]: CONF OK.
2019-04-11 23:23:45:[m]: Creating server...
2019-04-11 23:23:45:[m]: SERVER OK.RUNNING.
2019-04-11 23:23:45:[m]: Server is started
2019-04-11 23:51:49:[m]: Closing server...
2019-04-12 00:35:05:[m]: Welcome to IOTP server version 2.4.11
2019-04-12 00:35:05:[m]: Starting server...
2019-04-12 00:35:06:[m]: CONF IN PROGRESS...
2019-04-12 00:35:06:[m]: Opening configuration JSON @ /Users/soumensardar/Google Drive/IOTP Implementation/git/IOTPServer/iotp.json
2019-04-12 00:35:06:[m]: Try starting...
2019-04-12 00:35:06:[m]: CONF OK.
2019-04-12 00:35:06:[m]: Creating server...
2019-04-12 00:35:06:[m]: SERVER OK.RUNNING.
2019-04-12 00:35:06:[m]: Server is started
2019-04-12 00:41:11:[m]: Closing server...
2019-04-12 00:41:24:[m]: Welcome to IOTP server version 2.4.11
2019-04-12 00:41:24:[m]: Starting server...
2019-04-12 00:41:26:[m]: CONF IN PROGRESS...
2019-04-12 00:41:26:[m]: Opening configuration JSON @ /Users/soumensardar/Google Drive/IOTP Implementation/git/IOTPServer/iotp.json
2019-04-12 00:41:26:[m]: Try starting...
2019-04-12 00:41:26:[m]: CONF OK.
2019-04-12 00:41:26:[m]: Creating server...
2019-04-12 00:41:26:[m]: SERVER OK.RUNNING.
2019-04-12 00:41:26:[m]: Server is started
2019-04-12 00:42:54:[m]: Closing server...
2019-04-12 00:47:05:[m]: Welcome to IOTP server version 2.4.11
2019-04-12 00:47:05:[m]: Starting server...
2019-04-12 00:47:06:[m]: CONF IN PROGRESS...
2019-04-12 00:47:06:[m]: Opening configuration JSON @ /Users/soumensardar/Google Drive/IOTP Implementation/git/IOTPServer/iotp.json
2019-04-12 00:47:06:[m]: Try starting...
2019-04-12 00:47:06:[m]: CONF OK.
2019-04-12 00:47:06:[m]: Creating server...
2019-04-12 00:47:06:[m]: SERVER OK.RUNNING.
2019-04-12 00:47:06:[m]: Server is started
2019-04-12 00:48:18:[m]: Closing server...
2019-04-12 00:48:37:[m]: Welcome to IOTP server version 2.4.11
2019-04-12 00:48:37:[m]: Starting server...
2019-04-12 00:48:38:[m]: CONF IN PROGRESS...
2019-04-12 00:48:38:[m]: Opening configuration JSON @ /Users/soumensardar/Google Drive/IOTP Implementation/git/IOTPServer/iotp.json
2019-04-12 00:48:38:[m]: Try starting...
2019-04-12 00:48:38:[m]: CONF OK.
2019-04-12 00:48:38:[m]: Creating server...
2019-04-12 00:48:38:[m]: SERVER OK.RUNNING.
2019-04-12 00:48:38:[m]: Server is started
2019-04-12 00:49:33:[m]: Closing server...
2019-04-12 00:50:02:[m]: Welcome to IOTP server version 2.4.11
2019-04-12 00:50:02:[m]: Starting server...
2019-04-12 00:50:03:[m]: CONF IN PROGRESS...
2019-04-12 00:50:03:[m]: Opening configuration JSON @ /Users/soumensardar/Google Drive/IOTP Implementation/git/IOTPServer/iotp.json
2019-04-12 00:50:03:[m]: Try starting...
2019-04-12 00:50:03:[m]: CONF OK.
2019-04-12 00:50:03:[m]: Creating server...
2019-04-12 00:50:03:[m]: SERVER OK.RUNNING.
2019-04-12 00:50:03:[m]: Server is started
2019-04-12 00:52:42:[m]: Closing server...
2019-04-12 00:52:44:[m]: Welcome to IOTP server version 2.4.11
2019-04-12 00:52:44:[m]: Starting server...
2019-04-12 00:52:45:[m]: CONF IN PROGRESS...
2019-04-12 00:52:45:[m]: Opening configuration JSON @ /Users/soumensardar/Google Drive/IOTP Implementation/git/IOTPServer/iotp.json
2019-04-12 00:52:45:[m]: Try starting...
2019-04-12 00:52:45:[m]: CONF OK.
2019-04-12 00:52:45:[m]: Creating server...
2019-04-12 00:52:45:[m]: SERVER OK.RUNNING.
2019-04-12 00:52:45:[m]: Server is started
2019-04-12 00:54:33:[m]: Closing server...
2019-04-12 00:54:44:[m]: Welcome to IOTP server version 2.4.11
2019-04-12 00:54:44:[m]: Starting server...
2019-04-12 00:54:45:[m]: CONF IN PROGRESS...
2019-04-12 00:54:45:[m]: Opening configuration JSON @ /Users/soumensardar/Google Drive/IOTP Implementation/git/IOTPServer/iotp.json
2019-04-12 00:54:45:[m]: Try starting...
2019-04-12 00:54:45:[m]: CONF OK.
2019-04-12 00:54:45:[m]: Creating server...
2019-04-12 00:54:45:[m]: SERVER OK.RUNNING.
2019-04-12 00:54:45:[m]: Server is started
2019-04-12 00:55:26:[m]: Closing server...
2019-04-12 00:56:40:[m]: Welcome to IOTP server version 2.4.11
2019-04-12 00:56:40:[m]: Starting server...
2019-04-12 00:56:41:[m]: CONF IN PROGRESS...
2019-04-12 00:56:41:[m]: Opening configuration JSON @ /Users/soumensardar/Google Drive/IOTP Implementation/git/IOTPServer/iotp.json
2019-04-12 00:56:41:[m]: Try starting...
2019-04-12 00:56:41:[m]: CONF OK.
2019-04-12 00:56:42:[m]: Creating server...
2019-04-12 00:56:42:[m]: SERVER OK.RUNNING.
2019-04-12 00:56:42:[m]: Server is started
2019-04-12 00:56:53:[m]: Closing server...
2019-04-12 00:57:12:[m]: Welcome to IOTP server version 2.4.11
2019-04-12 00:57:12:[m]: Starting server...
2019-04-12 00:57:13:[m]: CONF IN PROGRESS...
2019-04-12 00:57:13:[m]: Opening configuration JSON @ /Users/soumensardar/Google Drive/IOTP Implementation/git/IOTPServer/iotp.json
2019-04-12 00:57:13:[m]: Try starting...
2019-04-12 00:57:13:[m]: CONF OK.
2019-04-12 00:57:13:[m]: Creating server...
2019-04-12 00:57:13:[m]: SERVER OK.RUNNING.
2019-04-12 00:57:13:[m]: Server is started
2019-04-12 00:59:13:[m]: Welcome to IOTP server version 2.4.11
2019-04-12 00:59:13:[m]: Starting server...
2019-04-12 00:59:14:[m]: CONF IN PROGRESS...
2019-04-12 00:59:14:[m]: Opening configuration JSON @ /Users/soumensardar/Google Drive/IOTP Implementation/git/IOTPServer/iotp.json
2019-04-12 00:59:14:[m]: Try starting...
2019-04-12 00:59:14:[m]: CONF OK.
2019-04-12 00:59:14:[m]: Creating server...
2019-04-12 00:59:14:[m]: SERVER OK.RUNNING.
2019-04-12 00:59:14:[m]: Server is started
2019-04-12 00:59:41:[m]: Closing server...
2019-04-12 01:00:13:[m]: Welcome to IOTP server version 2.4.11
2019-04-12 01:00:13:[m]: Starting server...
2019-04-12 01:00:14:[m]: CONF IN PROGRESS...
2019-04-12 01:00:14:[m]: Opening configuration JSON @ /Users/soumensardar/Google Drive/IOTP Implementation/git/IOTPServer/iotp.json
2019-04-12 01:00:14:[m]: Try starting...
2019-04-12 01:00:14:[m]: CONF OK.
2019-04-12 01:00:14:[m]: Creating server...
2019-04-12 01:00:14:[m]: SERVER OK.RUNNING.
2019-04-12 01:00:14:[m]: Server is started
2019-04-12 01:00:21:[m]: Closing server...
2019-04-12 01:00:21:[m]: Server is closed.
2019-04-12 01:00:21:[m]: EXIT.
2019-04-12 01:00:31:[m]: Welcome to IOTP server version 2.4.11
2019-04-12 01:00:31:[m]: Starting server...
2019-04-12 01:00:32:[m]: CONF IN PROGRESS...
2019-04-12 01:00:32:[m]: Opening configuration JSON @ /Users/soumensardar/Google Drive/IOTP Implementation/git/IOTPServer/iotp.json
2019-04-12 01:00:33:[m]: Try starting...
2019-04-12 01:00:33:[m]: CONF OK.
2019-04-12 01:00:33:[m]: Creating server...
2019-04-12 01:00:33:[m]: SERVER OK.RUNNING.
2019-04-12 01:00:33:[m]: Server is started
2019-04-12 01:00:55:[m]: Closing server...
2019-04-12 01:00:55:[m]: Server is closed.
2019-04-12 01:00:55:[m]: EXIT.
2019-04-12 01:00:57:[m]: Welcome to IOTP server version 2.4.11
2019-04-12 01:00:57:[m]: Starting server...
2019-04-12 01:00:58:[m]: CONF IN PROGRESS...
2019-04-12 01:00:58:[m]: Opening configuration JSON @ /Users/soumensardar/Google Drive/IOTP Implementation/git/IOTPServer/iotp.json
2019-04-12 01:00:58:[m]: Try starting...
2019-04-12 01:00:58:[m]: CONF OK.
2019-04-12 01:00:58:[m]: Creating server...
2019-04-12 01:00:58:[m]: SERVER OK.RUNNING.
2019-04-12 01:00:58:[m]: Server is started
2019-04-12 01:01:18:[m]: Closing server...
2019-04-12 01:01:18:[m]: Server is closed.
2019-04-12 01:01:18:[m]: EXIT.
2019-04-12 22:11:26:[m]: Welcome to IOTP server version 2.4.11
2019-04-12 22:11:26:[m]: Starting server...
2019-04-12 22:11:27:[m]: CONF IN PROGRESS...
2019-04-12 22:11:27:[m]: Opening configuration JSON @ /Users/soumensardar/Google Drive/IOTP Implementation/git/IOTPServer/iotp.json
2019-04-12 22:11:27:[m]: Try starting...
2019-04-12 22:11:27:[m]: CONF OK.
2019-04-12 22:11:27:[m]: Creating server...
2019-04-12 22:11:27:[m]: SERVER OK.RUNNING.
2019-04-12 22:11:27:[m]: Server is started
2019-04-13 00:08:39:[m]: Closing server...
2019-04-13 00:08:39:[m]: Server is closed.
2019-04-13 00:08:39:[m]: EXIT.
2019-04-13 00:08:42:[m]: Welcome to IOTP server version 2.4.11
2019-04-13 00:08:42:[m]: Starting server...
2019-04-13 00:08:43:[m]: CONF IN PROGRESS...
2019-04-13 00:08:43:[m]: Opening configuration JSON @ /Users/soumensardar/Google Drive/IOTP Implementation/git/IOTPServer/iotp.json
2019-04-13 00:08:43:[m]: Try starting...
2019-04-13 00:08:43:[m]: CONF OK.
2019-04-13 00:08:43:[m]: Creating server...
2019-04-13 00:08:43:[m]: SERVER OK.RUNNING.
2019-04-13 00:08:43:[m]: Server is started
2019-04-13 00:15:08:[m]: Closing server...
2019-04-13 00:15:08:[m]: Server is closed.
2019-04-13 00:15:08:[m]: EXIT.
2019-04-13 00:17:26:[m]: Welcome to IOTP server version 2.5.11
2019-04-13 00:17:26:[m]: Starting server...
2019-04-13 00:17:27:[m]: CONF IN PROGRESS...
2019-04-13 00:17:27:[m]: Opening configuration JSON @ /Users/soumensardar/Google Drive/IOTP Implementation/git/IOTPServer/iotp.json
2019-04-13 00:17:27:[m]: Try starting...
2019-04-13 00:17:27:[m]: CONF OK.
2019-04-13 00:17:27:[m]: Creating server...
2019-04-13 00:17:27:[m]: SERVER OK.RUNNING.
2019-04-13 00:17:27:[m]: Server is started
2019-04-13 00:19:05:[m]: Closing server...
2019-04-13 00:19:05:[m]: Server is closed.
2019-04-13 00:19:05:[m]: EXIT.
2019-04-13 00:19:08:[m]: Welcome to IOTP server version 2.5.11
2019-04-13 00:19:08:[m]: Starting server...
2019-04-13 00:19:09:[m]: CONF IN PROGRESS...
2019-04-13 00:19:09:[m]: Opening configuration JSON @ /Users/soumensardar/Google Drive/IOTP Implementation/git/IOTPServer/iotp.json
2019-04-13 00:19:09:[m]: Try starting...
2019-04-13 00:19:09:[m]: CONF OK.
2019-04-13 00:19:09:[m]: Creating server...
2019-04-13 00:19:09:[m]: SERVER OK.RUNNING.
2019-04-13 00:19:09:[m]: Server is started
2019-04-13 00:21:44:[m]: Closing server...
2019-04-13 00:21:44:[m]: Server is closed.
2019-04-13 00:21:44:[m]: EXIT.
2019-04-14 00:06:40:[m]: Welcome to IOTP server version 2.5.11
2019-04-14 00:06:40:[m]: Starting server...
2019-04-14 00:06:41:[m]: CONF IN PROGRESS...
2019-04-14 00:06:41:[m]: CONF OK.
2019-04-14 00:06:41:[m]: Creating server...
2019-04-14 00:06:41:[m]: SERVER OK.RUNNING.
2019-04-14 00:06:41:[m]: Server is started
2019-04-14 00:23:46:[m]: Closing server...
2019-04-14 00:23:46:[m]: Server is closed.
2019-04-14 00:23:46:[m]: EXIT.
2019-04-14 00:23:48:[m]: Welcome to IOTP server version 2.5.11
2019-04-14 00:23:48:[m]: Starting server...
2019-04-14 00:23:49:[m]: CONF IN PROGRESS...
2019-04-14 00:23:49:[m]: 1
2019-04-14 00:23:49:[m]: 1,1
2019-04-14 00:23:49:[m]: 1,1,1
2019-04-14 00:23:49:[m]: 1,1,2
2019-04-14 00:23:49:[m]: 1,1,3
2019-04-14 00:23:49:[m]: 1,1,4
2019-04-14 00:23:49:[m]: 1,2
2019-04-14 00:23:49:[m]: 1,2,1
2019-04-14 00:23:49:[m]: 1,2,2
2019-04-14 00:23:49:[m]: 1,2,3
2019-04-14 00:23:49:[m]: 1,3
2019-04-14 00:23:49:[m]: 1,3,1
2019-04-14 00:23:49:[m]: 1,3,2
2019-04-14 00:23:49:[m]: 1,3,3
2019-04-14 00:23:49:[m]: 1,4
2019-04-14 00:23:49:[m]: 1,4,1
2019-04-14 00:23:49:[m]: 1,4,2
2019-04-14 00:23:49:[m]: 1,4,3
2019-04-14 00:23:49:[m]: 1,4,4
2019-04-14 00:23:49:[m]: 1,4,5
2019-04-14 00:23:49:[m]: 1,4,6
2019-04-14 00:23:49:[m]: 1,5
2019-04-14 00:23:49:[m]: 1,5,1
2019-04-14 00:23:49:[m]: 1,5,2
2019-04-14 00:23:49:[m]: 1,5,3
2019-04-14 00:23:49:[m]: 1,5,4
2019-04-14 00:23:49:[m]: CONF OK.
2019-04-14 00:23:49:[m]: Server IP 192.168.0.105
2019-04-14 00:23:49:[m]: Creating server...
2019-04-14 00:23:49:[m]: SERVER OK.RUNNING.
2019-04-14 00:23:49:[m]: Server is started
2019-04-14 00:23:49:[m]: Cloud Signing...
2019-04-14 00:23:50:[m]: Login OK
2019-04-14 00:23:50:[m]: Waiting for HTTP CMDs...
2019-04-14 00:24:19:[m]: Closing server...
2019-04-14 00:24:19:[m]: Server is closed.
2019-04-14 00:24:19:[m]: EXIT.
